<?xml version="1.0" encoding="UTF-8"?>
<!-- Generated by org.testng.reporters.JUnitReportReporter -->
<testsuite hostname="DESKTOP-GF523DC" failures="0" tests="2" name="com.vivino.app.EndToEndTests_SearchFunc" time="74.451" errors="0" timestamp="2021-10-11T10:47:26 IST" skipped="0">
  <testcase classname="com.vivino.app.EndToEndTests_SearchFunc" name="SearchCriteria_Vivino" time="15.145"/>
  <system-out/>
  <testcase classname="com.vivino.app.EndToEndTests_SearchFunc" name="validateClickOnOneSelection" time="59.306"/>
  <system-out/>
</testsuite> <!-- com.vivino.app.EndToEndTests_SearchFunc -->
